2010-05-04 07:04:05,979 [INFO] Holland 0.9.9dev started with pid 18535
2010-05-04 07:38:53,450 [INFO] Holland 0.9.9dev started with pid 19300
2010-05-04 07:38:53,478 [INFO] -----> Starting backup run <----
2010-05-04 07:38:53,478 [INFO] Acquired backup lock.
2010-05-04 07:38:53,479 [INFO] Loading config for backupset default
2010-05-04 07:38:53,481 [INFO] Loading plugin mysqldump
2010-05-04 07:38:53,516 [ERROR] Failed to load plugin mysqldump: No module named MySQLdb
2010-05-04 07:38:53,516 [ERROR] Backup 'default' failed: No module named MySQLdb
2010-05-04 07:38:53,516 [INFO] One or more backupsets failed to run successfully
2010-05-04 07:38:53,517 [INFO] This backup run of 1 backupset took 0.04 seconds
2010-05-04 07:38:53,517 [INFO] -----> Ending backup run <----
2010-05-04 07:40:42,344 [INFO] Holland 0.9.9dev started with pid 19363
2010-05-04 07:40:42,372 [INFO] -----> Starting backup run <----
2010-05-04 07:40:42,372 [INFO] Acquired backup lock.
2010-05-04 07:40:42,373 [INFO] Loading config for backupset random
2010-05-04 07:40:42,373 [INFO] Loading plugin None
2010-05-04 07:40:42,375 [INFO] Prepared backup spool env/var/spool/holland/random/20100504_074042
2010-05-04 07:40:42,377 [INFO] Validating config
2010-05-04 07:40:42,378 [INFO] Estimated Backup Size: 0.00B
2010-05-04 07:40:42,378 [INFO] Starting backup[random/20100504_074042] via plugin None
2010-05-04 07:40:42,379 [INFO] Example plugin - real backup run
2010-05-04 07:40:42,379 [INFO] Backup completed in 0.00 seconds
2010-05-04 07:40:42,379 [INFO] Final on-disk backup size: 0.00B 0.00% of estimated size 0.00B
2010-05-04 07:40:42,380 [INFO] Purging old backups from backupset 'random'
2010-05-04 07:40:42,382 [INFO] Found 1 backups.  Keeping 1
2010-05-04 07:40:42,382 [INFO] No backups to purge
2010-05-04 07:40:42,382 [INFO] All backupsets run successfully
2010-05-04 07:40:42,382 [INFO] This backup run of 1 backupset took 0.01 seconds
2010-05-04 07:40:42,383 [INFO] -----> Ending backup run <----
2010-05-04 07:42:37,286 [INFO] Holland 0.9.9dev started with pid 19385
2010-05-04 07:42:37,314 [INFO] -----> Starting backup run <----
2010-05-04 07:42:37,315 [INFO] Acquired backup lock.
2010-05-04 07:42:37,315 [INFO] Loading config for backupset random
2010-05-04 07:42:37,315 [INFO] Loading plugin None
2010-05-04 07:42:37,318 [INFO] Prepared backup spool env/var/spool/holland/random/20100504_074237
2010-05-04 07:42:37,319 [INFO] Validating config
2010-05-04 07:42:37,320 [INFO] Estimated Backup Size: 0.00B
2010-05-04 07:42:37,320 [INFO] Starting backup[random/20100504_074237] via plugin None
2010-05-04 07:42:37,320 [INFO] Example plugin - real backup run
2010-05-04 07:42:37,320 [INFO] Backup completed in 0.00 seconds
2010-05-04 07:42:37,321 [INFO] Final on-disk backup size: 0.00B 0.00% of estimated size 0.00B
2010-05-04 07:42:37,321 [INFO] Purging old backups from backupset 'random'
2010-05-04 07:42:37,325 [INFO] Found 2 backups.  Keeping 1
2010-05-04 07:42:37,325 [INFO] Purging random/20100504_074042
2010-05-04 07:42:37,325 [INFO] All backupsets run successfully
2010-05-04 07:42:37,326 [INFO] This backup run of 1 backupset took 0.01 seconds
2010-05-04 07:42:37,326 [INFO] -----> Ending backup run <----
2010-05-04 08:10:15,996 [INFO] Holland 0.9.9dev started with pid 19971
2010-05-04 08:10:34,186 [INFO] Holland 0.9.9dev started with pid 19975
2010-05-04 08:10:39,744 [INFO] Holland 0.9.9dev started with pid 19977
2010-05-04 08:22:50,375 [INFO] Holland 0.9.9dev started with pid 20213
2010-05-04 08:22:50,405 [INFO] -----> Starting backup run <----
2010-05-04 08:22:50,405 [INFO] Acquired backup lock.
2010-05-04 08:22:50,405 [INFO] Loading config for backupset random
2010-05-04 08:22:50,406 [WARNING] Failed to load config for provider 'random' (Config file not found: "/home/micah/holland-test/etc/holland/providers/random.conf".)
2010-05-04 08:22:50,406 [INFO] Loading plugin random
2010-05-04 08:22:50,408 [INFO] Prepared backup spool env/var/spool/holland/random/20100504_082250
2010-05-04 08:22:50,409 [INFO] Validating Config
2010-05-04 08:22:50,410 [ERROR] Backup 'random' failed: Failed to initialize backup plugin random: 'list' object has no attribute 'baseErrorClass'
2010-05-04 08:22:50,410 [INFO] One or more backupsets failed to run successfully
2010-05-04 08:22:50,410 [INFO] This backup run of 1 backupset took 0.01 seconds
2010-05-04 08:22:50,410 [INFO] -----> Ending backup run <----
2010-05-04 23:05:17,650 [INFO] Holland 0.9.9dev started with pid 2552
2010-05-04 23:05:17,680 [INFO] -----> Starting backup run <----
2010-05-04 23:05:17,681 [INFO] Acquired backup lock.
2010-05-04 23:05:17,681 [INFO] Loading config for backupset random
2010-05-04 23:05:17,682 [WARNING] Failed to load config for provider 'random' (Config file not found: "/home/micah/holland-test/etc/holland/providers/random.conf".)
2010-05-04 23:05:17,682 [INFO] Loading plugin random
2010-05-04 23:05:17,685 [INFO] Prepared backup spool env/var/spool/holland/random/20100504_230517
2010-05-04 23:05:17,687 [INFO] Validating Config
2010-05-04 23:05:17,687 [ERROR] Unexpected exception caught.  This is probably a bug.  Please report to the holland development team.
Traceback (most recent call last):
  File "/home/micah/holland/holland/commands/backup.py", line 101, in run_backup
    backup(jobname, dry_run)
  File "/home/micah/holland/holland/core/backup.py", line 126, in backup
    estimated_size = plugin.estimate_backup_size()
  File "/home/micah/holland/plugins/holland.backup.random/holland/backup/random.py", line 23, in estimate_backup_size
    return self.config['bytes']
  File "/home/micah/holland/holland/core/config/configobj.py", line 567, in __getitem__
    val = dict.__getitem__(self, key)
KeyError: 'bytes'
2010-05-04 23:05:17,711 [INFO] One or more backupsets failed to run successfully
2010-05-04 23:05:17,712 [INFO] This backup run of 1 backupset took 0.03 seconds
2010-05-04 23:05:17,712 [INFO] -----> Ending backup run <----
2010-05-05 06:08:30,916 [INFO] Holland 0.9.9dev started with pid 21281
2010-05-05 06:08:31,274 [INFO] -----> Starting backup run <----
2010-05-05 06:08:31,274 [INFO] Acquired backup lock.
2010-05-05 06:08:31,274 [INFO] Loading config for backupset random
2010-05-05 06:08:31,303 [WARNING] Failed to load config for provider 'random' (Config file not found: "/home/micah/holland-test/etc/holland/providers/random.conf".)
2010-05-05 06:08:31,303 [INFO] Loading plugin random
2010-05-05 06:08:31,320 [INFO] Prepared backup spool env/var/spool/holland/random/20100505_060830
2010-05-05 06:08:31,323 [INFO] Validating Config
2010-05-05 06:08:31,324 [ERROR] Unexpected exception caught.  This is probably a bug.  Please report to the holland development team.
Traceback (most recent call last):
  File "/home/micah/holland/holland/commands/backup.py", line 101, in run_backup
    backup(jobname, dry_run)
  File "/home/micah/holland/holland/core/backup.py", line 126, in backup
    estimated_size = plugin.estimate_backup_size()
  File "/home/micah/holland/plugins/holland.backup.random/holland/backup/random.py", line 23, in estimate_backup_size
    return self.config['bytes']
  File "/home/micah/holland/holland/core/config/configobj.py", line 567, in __getitem__
    val = dict.__getitem__(self, key)
KeyError: 'bytes'
2010-05-05 06:08:31,349 [INFO] One or more backupsets failed to run successfully
2010-05-05 06:08:31,349 [INFO] This backup run of 1 backupset took 0.07 seconds
2010-05-05 06:08:31,349 [INFO] -----> Ending backup run <----
2010-05-05 06:11:30,463 [INFO] Holland 0.9.9dev started with pid 21393
2010-05-05 06:11:30,491 [INFO] -----> Starting backup run <----
2010-05-05 06:11:30,491 [INFO] Acquired backup lock.
2010-05-05 06:11:30,491 [INFO] Loading config for backupset random
2010-05-05 06:11:30,492 [WARNING] Failed to load config for provider 'random' (Config file not found: "/home/micah/holland-test/etc/holland/providers/random.conf".)
2010-05-05 06:11:30,492 [INFO] Loading plugin random
2010-05-05 06:11:30,495 [INFO] Prepared backup spool env/var/spool/holland/random/20100505_061130
2010-05-05 06:11:30,497 [INFO] Validating Config
2010-05-05 06:11:30,498 [INFO] Estimated Backup Size: 200.00B
2010-05-05 06:11:30,498 [INFO] Starting backup[random/20100505_061130] via plugin random
2010-05-05 06:11:30,498 [ERROR] Backup 'random' failed: 'bytes'
2010-05-05 06:11:30,498 [INFO] One or more backupsets failed to run successfully
2010-05-05 06:11:30,499 [INFO] This backup run of 1 backupset took 0.01 seconds
2010-05-05 06:11:30,499 [INFO] -----> Ending backup run <----
2010-05-05 06:12:48,050 [INFO] Holland 0.9.9dev started with pid 21422
2010-05-05 06:12:48,078 [INFO] -----> Starting backup run <----
2010-05-05 06:12:48,078 [INFO] Acquired backup lock.
2010-05-05 06:12:48,079 [INFO] Loading config for backupset random
2010-05-05 06:12:48,080 [INFO] Loading plugin random
2010-05-05 06:12:48,082 [INFO] Prepared backup spool env/var/spool/holland/random/20100505_061247
2010-05-05 06:12:48,083 [INFO] Validating Config
2010-05-05 06:12:48,084 [INFO] Estimated Backup Size: 200.00B
2010-05-05 06:12:48,085 [INFO] Starting backup[random/20100505_061247] via plugin random
2010-05-05 06:12:48,085 [ERROR] Backup 'random' failed: an integer is required
2010-05-05 06:12:48,085 [INFO] One or more backupsets failed to run successfully
2010-05-05 06:12:48,085 [INFO] This backup run of 1 backupset took 0.01 seconds
2010-05-05 06:12:48,086 [INFO] -----> Ending backup run <----
2010-05-05 06:13:10,763 [INFO] Holland 0.9.9dev started with pid 21428
2010-05-05 06:13:10,791 [INFO] -----> Starting backup run <----
2010-05-05 06:13:10,791 [INFO] Acquired backup lock.
2010-05-05 06:13:10,791 [INFO] Loading config for backupset random
2010-05-05 06:13:10,793 [INFO] Loading plugin random
2010-05-05 06:13:10,795 [INFO] Prepared backup spool env/var/spool/holland/random/20100505_061310
2010-05-05 06:13:10,796 [INFO] Validating Config
2010-05-05 06:13:10,797 [INFO] Estimated Backup Size: 200.00B
2010-05-05 06:13:10,798 [INFO] Starting backup[random/20100505_061310] via plugin random
2010-05-05 06:13:10,798 [ERROR] Backup 'random' failed: 'bytes'
2010-05-05 06:13:10,798 [INFO] One or more backupsets failed to run successfully
2010-05-05 06:13:10,798 [INFO] This backup run of 1 backupset took 0.01 seconds
2010-05-05 06:13:10,798 [INFO] -----> Ending backup run <----
2010-05-05 06:13:39,365 [INFO] Holland 0.9.9dev started with pid 21432
2010-05-05 06:13:39,395 [INFO] -----> Starting backup run <----
2010-05-05 06:13:39,396 [INFO] Acquired backup lock.
2010-05-05 06:13:39,396 [INFO] Loading config for backupset random
2010-05-05 06:13:39,397 [INFO] Loading plugin random
2010-05-05 06:13:39,399 [INFO] Prepared backup spool env/var/spool/holland/random/20100505_061339
2010-05-05 06:13:39,400 [INFO] Validating Config
2010-05-05 06:13:39,401 [INFO] Estimated Backup Size: 250.00B
2010-05-05 06:13:39,402 [INFO] Starting backup[random/20100505_061339] via plugin random
2010-05-05 06:13:39,402 [ERROR] Backup 'random' failed: 'bytes'
2010-05-05 06:13:39,402 [INFO] One or more backupsets failed to run successfully
2010-05-05 06:13:39,402 [INFO] This backup run of 1 backupset took 0.01 seconds
2010-05-05 06:13:39,402 [INFO] -----> Ending backup run <----
2010-05-05 06:14:22,502 [INFO] Holland 0.9.9dev started with pid 21450
2010-05-05 06:14:22,529 [INFO] -----> Starting backup run <----
2010-05-05 06:14:22,530 [INFO] Acquired backup lock.
2010-05-05 06:14:22,530 [INFO] Loading config for backupset example
2010-05-05 06:14:22,531 [INFO] Loading plugin example
2010-05-05 06:14:22,542 [INFO] Prepared backup spool env/var/spool/holland/example/20100505_061422
2010-05-05 06:14:22,543 [INFO] Validating config
2010-05-05 06:14:22,544 [INFO] Estimated Backup Size: 0.00B
2010-05-05 06:14:22,545 [INFO] Starting backup[example/20100505_061422] via plugin example
2010-05-05 06:14:22,545 [INFO] Example plugin - real backup run
2010-05-05 06:14:22,545 [INFO] Backup completed in 0.00 seconds
2010-05-05 06:14:22,545 [INFO] Final on-disk backup size: 0.00B 0.00% of estimated size 0.00B
2010-05-05 06:14:22,546 [INFO] Purging old backups from backupset 'example'
2010-05-05 06:14:22,548 [INFO] Found 1 backups.  Keeping 1
2010-05-05 06:14:22,548 [INFO] No backups to purge
2010-05-05 06:14:22,548 [INFO] All backupsets run successfully
2010-05-05 06:14:22,549 [INFO] This backup run of 1 backupset took 0.02 seconds
2010-05-05 06:14:22,549 [INFO] -----> Ending backup run <----
2010-05-05 06:14:50,866 [INFO] Holland 0.9.9dev started with pid 21461
2010-05-05 06:14:50,893 [INFO] -----> Starting backup run <----
2010-05-05 06:14:50,894 [INFO] Acquired backup lock.
2010-05-05 06:14:50,894 [INFO] Loading config for backupset random
2010-05-05 06:14:50,895 [INFO] Loading plugin random
2010-05-05 06:14:50,897 [INFO] Prepared backup spool env/var/spool/holland/random/20100505_061450
2010-05-05 06:14:50,898 [INFO] Validating Config
2010-05-05 06:14:50,899 [INFO] Estimated Backup Size: 250.00B
2010-05-05 06:14:50,900 [INFO] Starting backup[random/20100505_061450] via plugin random
2010-05-05 06:14:50,900 [ERROR] Backup 'random' failed: 'bytes'
2010-05-05 06:14:50,900 [INFO] One or more backupsets failed to run successfully
2010-05-05 06:14:50,900 [INFO] This backup run of 1 backupset took 0.01 seconds
2010-05-05 06:14:50,900 [INFO] -----> Ending backup run <----
2010-05-05 06:15:46,115 [INFO] Holland 0.9.9dev started with pid 21483
2010-05-05 06:15:46,143 [INFO] -----> Starting backup run <----
2010-05-05 06:15:46,143 [INFO] Acquired backup lock.
2010-05-05 06:15:46,143 [INFO] Loading config for backupset random
2010-05-05 06:15:46,144 [INFO] Loading plugin random
2010-05-05 06:15:46,147 [INFO] Prepared backup spool env/var/spool/holland/random/20100505_061546
2010-05-05 06:15:46,149 [INFO] Validating Config
2010-05-05 06:15:46,150 [INFO] Estimated Backup Size: 250.00B
2010-05-05 06:15:46,150 [INFO] Starting backup[random/20100505_061546] via plugin random
2010-05-05 06:15:55,155 [INFO] Read 250 bytes from /dev/random
2010-05-05 06:15:55,156 [INFO] Backup completed in 9.01 seconds
2010-05-05 06:15:55,156 [INFO] Final on-disk backup size: 0.00B 0.00% of estimated size 250.00B
2010-05-05 06:15:55,156 [INFO] Purging old backups from backupset 'random'
2010-05-05 06:15:55,201 [INFO] Found 10 backups.  Keeping 1
2010-05-05 06:15:55,202 [INFO] Purging random/20100504_230517
2010-05-05 06:15:55,202 [INFO] Purging random/20100505_061450
2010-05-05 06:15:55,202 [INFO] Purging random/20100505_061130
2010-05-05 06:15:55,209 [INFO] Purging random/20100505_060830
2010-05-05 06:15:55,209 [INFO] Purging random/20100504_082250
2010-05-05 06:15:55,210 [INFO] Purging random/20100505_061247
2010-05-05 06:15:55,210 [INFO] Purging random/20100505_061339
2010-05-05 06:15:55,210 [INFO] Purging random/20100505_061310
2010-05-05 06:15:55,211 [INFO] Purging random/20100504_074237
2010-05-05 06:15:55,211 [INFO] All backupsets run successfully
2010-05-05 06:15:55,211 [INFO] This backup run of 1 backupset took 9.07 seconds
2010-05-05 06:15:55,211 [INFO] -----> Ending backup run <----
2010-05-05 06:20:27,768 [INFO] Holland 0.9.9dev started with pid 21579
2010-05-05 06:20:27,795 [INFO] -----> Starting backup run <----
2010-05-05 06:20:27,795 [INFO] Acquired backup lock.
2010-05-05 06:20:27,796 [INFO] Loading config for backupset random
2010-05-05 06:20:27,797 [INFO] Loading plugin random
2010-05-05 06:20:27,800 [INFO] Prepared backup spool env/var/spool/holland/random/20100505_062027
2010-05-05 06:20:27,801 [INFO] Validating Config
2010-05-05 06:20:27,802 [INFO] Estimated Backup Size: 250.00B
2010-05-05 06:20:27,802 [INFO] Starting backup[random/20100505_062027] via plugin random
2010-05-05 06:20:33,970 [INFO] Read 250 bytes from /dev/random
2010-05-05 06:20:33,970 [INFO] Backup completed in 6.17 seconds
2010-05-05 06:20:33,971 [INFO] Final on-disk backup size: 0.00B 0.00% of estimated size 250.00B
2010-05-05 06:20:33,971 [INFO] Purging old backups from backupset 'random'
2010-05-05 06:20:33,975 [INFO] Found 2 backups.  Keeping 1
2010-05-05 06:20:33,975 [INFO] Purging random/20100505_061546
2010-05-05 06:20:33,975 [INFO] All backupsets run successfully
2010-05-05 06:20:33,976 [INFO] This backup run of 1 backupset took 6.18 seconds
2010-05-05 06:20:33,976 [INFO] -----> Ending backup run <----
2010-05-05 06:21:19,080 [INFO] Holland 0.9.9dev started with pid 21597
2010-05-05 06:21:19,108 [INFO] -----> Starting backup run <----
2010-05-05 06:21:19,108 [INFO] Acquired backup lock.
2010-05-05 06:21:19,108 [INFO] Loading config for backupset random
2010-05-05 06:21:19,109 [INFO] Loading plugin random
2010-05-05 06:21:19,111 [INFO] Prepared backup spool env/var/spool/holland/random/20100505_062119
2010-05-05 06:21:19,113 [INFO] Validating Config
2010-05-05 06:21:19,114 [INFO] Estimated Backup Size: 50.00B
2010-05-05 06:21:19,114 [INFO] Starting backup[random/20100505_062119] via plugin random
2010-05-05 06:21:19,114 [INFO] Read 50 bytes from /dev/random
2010-05-05 06:21:19,115 [INFO] Backup completed in 0.00 seconds
2010-05-05 06:21:19,115 [INFO] Final on-disk backup size: 0.00B 0.00% of estimated size 50.00B
2010-05-05 06:21:19,115 [INFO] Purging old backups from backupset 'random'
2010-05-05 06:21:19,119 [INFO] Found 2 backups.  Keeping 1
2010-05-05 06:21:19,119 [INFO] Purging random/20100505_062027
2010-05-05 06:21:19,119 [INFO] All backupsets run successfully
2010-05-05 06:21:19,119 [INFO] This backup run of 1 backupset took 0.01 seconds
2010-05-05 06:21:19,120 [INFO] -----> Ending backup run <----
